#
# There is insufficient memory for the Java Runtime Environment to continue.
# pthread_getattr_np
# Possible reasons:
#   The system is out of physical RAM or swap space
#   In 32 bit mode, the process size limit was hit
# Possible solutions:
#   Reduce memory load on the system
#   Increase physical memory or swap space
#   Check if swap backing store is full
#   Use 64 bit Java on a 64 bit OS
#   Decrease Java heap size (-Xmx/-Xms)
#   Decrease number of Java threads
#   Decrease Java thread stack sizes (-Xss)
#   Set larger code cache with -XX:ReservedCodeCacheSize=
# This output file may be truncated or incomplete.
#
#  Out of Memory Error (os_linux_x86.cpp:718), pid=17201, tid=139748502918912
#
# JRE version:  (7.0_151-b01) (build )
# Java VM: OpenJDK 64-Bit Server VM (24.151-b01 mixed mode linux-amd64 compressed oops)
# Derivative: IcedTea 2.6.11
# Distribution: Ubuntu 14.04 LTS, package 7u151-2.6.11-0ubuntu1.14.04.1
# Failed to write core dump. Core dumps have been disabled. To enable core dumping, try "ulimit -c unlimited" before starting Java again
#

---------------  T H R E A D  ---------------

Current thread (0x00007f19e41c5000):  VMThread [stack: 0x0000000000000000,0x0000000000000000] [id=17211]

Stack: [0x0000000000000000,0x0000000000000000],  sp=0x00007f19bbdfcb20,  free space=136473147378k
Native frames: (J=compiled Java code, j=interpreted, Vv=VM code, C=native code)
V  [libjvm.so+0x962b45]
V  [libjvm.so+0x49a474]
V  [libjvm.so+0x7e21ea]
V  [libjvm.so+0x7e223d]
V  [libjvm.so+0x90f619]
V  [libjvm.so+0x96796d]
V  [libjvm.so+0x7d75c2]


---------------  P R O C E S S  ---------------

Java Threads: ( => current thread )
  0x00007f19e400a000 JavaThread "Unknown thread" [_thread_blocked, id=17202, stack(0x00007f19eb438000,0x00007f19eb539000)]

Other Threads:
=>0x00007f19e41c5000 VMThread [stack: 0x0000000000000000,0x0000000000000000] [id=17211]

VM state:not at safepoint (normal execution)

VM Mutex/Monitor currently owned by a thread: None

Heap
 PSYoungGen      total 150528K, used 2590K [0x00000000eb280000, 0x00000000f5a00000, 0x0000000100000000)
  eden space 129536K, 2% used [0x00000000eb280000,0x00000000eb507b38,0x00000000f3100000)
  from space 20992K, 0% used [0x00000000f4580000,0x00000000f4580000,0x00000000f5a00000)
  to   space 20992K, 0% used [0x00000000f3100000,0x00000000f3100000,0x00000000f4580000)
 ParOldGen       total 343040K, used 0K [0x00000000c1800000, 0x00000000d6700000, 0x00000000eb280000)
  object space 343040K, 0% used [0x00000000c1800000,0x00000000c1800000,0x00000000d6700000)
 PSPermGen       total 21504K, used 784K [0x00000000b7200000, 0x00000000b8700000, 0x00000000c1800000)
  object space 21504K, 3% used [0x00000000b7200000,0x00000000b72c43a0,0x00000000b8700000)

Card table byte_map: [0x00007f19e0db8000,0x00007f19e1000000] byte_map_base: 0x00007f19e07ff000

Polling page: 0x00007f19eb54e000

Code Cache  [0x00007f19e1000000, 0x00007f19e1270000, 0x00007f19e4000000)
 total_blobs=40 nmethods=0 adapters=20 free_code_cache=48868Kb largest_free_block=50039936

Compilation events (0 events):
No events

GC Heap History (0 events):
No events

Deoptimization events (0 events):
No events

Internal exceptions (0 events):
No events

Events (10 events):
Event: 0.182 loading class 0x00007f19e016d370 done
Event: 0.182 loading class 0x00007f19e016d3c0
Event: 0.182 loading class 0x00007f19e016d3c0 done
Event: 0.182 loading class 0x00007f19e016d410
Event: 0.183 loading class 0x00007f19e016d410 done
Event: 0.183 loading class 0x00007f19e016e190
Event: 0.183 loading class 0x00007f19e016e190 done
Event: 0.183 loading class 0x00007f19e016ddb0
Event: 0.184 loading class 0x00007f19e016ddb0 done
Event: 0.185 Thread 0x00007f19e400a000 Thread added: 0x00007f19e400a000


Dynamic libraries:
00400000-00401000 r-xp 00000000 08:01 656563                             /usr/lib/jvm/java-7-openjdk-amd64/jre/bin/java
00600000-00601000 r--p 00000000 08:01 656563                             /usr/lib/jvm/java-7-openjdk-amd64/jre/bin/java
00601000-00602000 rw-p 00001000 08:01 656563                             /usr/lib/jvm/java-7-openjdk-amd64/jre/bin/java
012a3000-012c4000 rw-p 00000000 00:00 0                                  [heap]
b7200000-b8700000 rw-p 00000000 00:00 0 
b8700000-c1800000 rw-p 00000000 00:00 0 
c1800000-d6700000 rw-p 00000000 00:00 0 
d6700000-eb280000 rw-p 00000000 00:00 0 
eb280000-f5a00000 rw-p 00000000 00:00 0 
f5a00000-100000000 rw-p 00000000 00:00 0 
7f19bbcfd000-7f19bbcfe000 ---p 00000000 00:00 0 
7f19bbcfe000-7f19bc000000 rw-p 00000000 00:00 0 
7f19bc000000-7f19bc021000 rw-p 00000000 00:00 0 
7f19bc021000-7f19c0000000 ---p 00000000 00:00 0 
7f19c00c1000-7f19c19da000 rw-p 00000000 00:00 0 
7f19c19da000-7f19c1b90000 r--s 01d63000 08:01 656571                     /usr/lib/jvm/java-7-openjdk-amd64/jre/lib/rt.jar
7f19c1b90000-7f19c4000000 rw-p 00000000 00:00 0 
7f19c4000000-7f19c4021000 rw-p 00000000 00:00 0 
7f19c4021000-7f19c8000000 ---p 00000000 00:00 0 
7f19c8000000-7f19c8021000 rw-p 00000000 00:00 0 
7f19c8021000-7f19cc000000 ---p 00000000 00:00 0 
7f19cc000000-7f19cc021000 rw-p 00000000 00:00 0 
7f19cc021000-7f19d0000000 ---p 00000000 00:00 0 
7f19d0000000-7f19d0021000 rw-p 00000000 00:00 0 
7f19d0021000-7f19d4000000 ---p 00000000 00:00 0 
7f19d4000000-7f19d4021000 rw-p 00000000 00:00 0 
7f19d4021000-7f19d8000000 ---p 00000000 00:00 0 
7f19d8000000-7f19d8021000 rw-p 00000000 00:00 0 
7f19d8021000-7f19dc000000 ---p 00000000 00:00 0 
7f19dc000000-7f19dc021000 rw-p 00000000 00:00 0 
7f19dc021000-7f19e0000000 ---p 00000000 00:00 0 
7f19e00f7000-7f19e040f000 rw-p 00000000 00:00 0 
7f19e040f000-7f19e0410000 ---p 00000000 00:00 0 
7f19e0410000-7f19e0510000 rw-p 00000000 00:00 0 
7f19e0510000-7f19e0511000 ---p 00000000 00:00 0 
7f19e0511000-7f19e0611000 rw-p 00000000 00:00 0 
7f19e0611000-7f19e0612000 ---p 00000000 00:00 0 
7f19e0612000-7f19e0712000 rw-p 00000000 00:00 0 
7f19e0712000-7f19e0713000 ---p 00000000 00:00 0 
7f19e0713000-7f19e0813000 rw-p 00000000 00:00 0 
7f19e0813000-7f19e0814000 ---p 00000000 00:00 0 
7f19e0814000-7f19e0914000 rw-p 00000000 00:00 0 
7f19e0914000-7f19e0915000 ---p 00000000 00:00 0 
7f19e0915000-7f19e0a15000 rw-p 00000000 00:00 0 
7f19e0a15000-7f19e0a16000 ---p 00000000 00:00 0 
7f19e0a16000-7f19e0b16000 rw-p 00000000 00:00 0 
7f19e0b16000-7f19e0b17000 ---p 00000000 00:00 0 
7f19e0b17000-7f19e0c22000 rw-p 00000000 00:00 0 
7f19e0c22000-7f19e0c6a000 rw-p 00000000 00:00 0 
7f19e0c6a000-7f19e0d12000 rw-p 00000000 00:00 0 
7f19e0d12000-7f19e0db8000 rw-p 00000000 00:00 0 
7f19e0db8000-7f19e0dc3000 rw-p 00000000 00:00 0 
7f19e0dc3000-7f19e0e0b000 rw-p 00000000 00:00 0 
7f19e0e0b000-7f19e0eb3000 rw-p 00000000 00:00 0 
7f19e0eb3000-7f19e0f58000 rw-p 00000000 00:00 0 
7f19e0f58000-7f19e0fac000 rw-p 00000000 00:00 0 
7f19e0fac000-7f19e0fff000 rw-p 00000000 00:00 0 
7f19e0fff000-7f19e1000000 rw-p 00000000 00:00 0 
7f19e1000000-7f19e1270000 rwxp 00000000 00:00 0 
7f19e1270000-7f19e41c7000 rw-p 00000000 00:00 0 
7f19e41c7000-7f19e8000000 ---p 00000000 00:00 0 
7f19e8006000-7f19e8050000 rw-p 00000000 00:00 0 
7f19e8050000-7f19e8058000 r-xp 00000000 08:01 656638                     /usr/lib/jvm/java-7-openjdk-amd64/jre/lib/amd64/libzip.so
7f19e8058000-7f19e8257000 ---p 00008000 08:01 656638                     /usr/lib/jvm/java-7-openjdk-amd64/jre/lib/amd64/libzip.so
7f19e8257000-7f19e8258000 r--p 00007000 08:01 656638                     /usr/lib/jvm/java-7-openjdk-amd64/jre/lib/amd64/libzip.so
7f19e8258000-7f19e8259000 rw-p 00008000 08:01 656638                     /usr/lib/jvm/java-7-openjdk-amd64/jre/lib/amd64/libzip.so
7f19e8259000-7f19e8263000 r-xp 00000000 08:01 397269                     /lib/x86_64-linux-gnu/libnss_files-2.19.so
7f19e8263000-7f19e8462000 ---p 0000a000 08:01 397269                     /lib/x86_64-linux-gnu/libnss_files-2.19.so
7f19e8462000-7f19e8463000 r--p 00009000 08:01 397269                     /lib/x86_64-linux-gnu/libnss_files-2.19.so
7f19e8463000-7f19e8464000 rw-p 0000a000 08:01 397269                     /lib/x86_64-linux-gnu/libnss_files-2.19.so
7f19e8464000-7f19e846f000 r-xp 00000000 08:01 397284                     /lib/x86_64-linux-gnu/libnss_nis-2.19.so
7f19e846f000-7f19e866e000 ---p 0000b000 08:01 397284                     /lib/x86_64-linux-gnu/libnss_nis-2.19.so
7f19e866e000-7f19e866f000 r--p 0000a000 08:01 397284                     /lib/x86_64-linux-gnu/libnss_nis-2.19.so
7f19e866f000-7f19e8670000 rw-p 0000b000 08:01 397284                     /lib/x86_64-linux-gnu/libnss_nis-2.19.so
7f19e8670000-7f19e8687000 r-xp 00000000 08:01 397265                     /lib/x86_64-linux-gnu/libnsl-2.19.so
7f19e8687000-7f19e8886000 ---p 00017000 08:01 397265                     /lib/x86_64-linux-gnu/libnsl-2.19.so
7f19e8886000-7f19e8887000 r--p 00016000 08:01 397265                     /lib/x86_64-linux-gnu/libnsl-2.19.so
7f19e8887000-7f19e8888000 rw-p 00017000 08:01 397265                     /lib/x86_64-linux-gnu/libnsl-2.19.so
7f19e8888000-7f19e888a000 rw-p 00000000 00:00 0 
7f19e888a000-7f19e8893000 r-xp 00000000 08:01 397282                     /lib/x86_64-linux-gnu/libnss_compat-2.19.so
7f19e8893000-7f19e8a92000 ---p 00009000 08:01 397282                     /lib/x86_64-linux-gnu/libnss_compat-2.19.so
7f19e8a92000-7f19e8a93000 r--p 00008000 08:01 397282                     /lib/x86_64-linux-gnu/libnss_compat-2.19.so
7f19e8a93000-7f19e8a94000 rw-p 00009000 08:01 397282                     /lib/x86_64-linux-gnu/libnss_compat-2.19.so
7f19e8a94000-7f19e8abe000 r-xp 00000000 08:01 656622                     /usr/lib/jvm/java-7-openjdk-amd64/jre/lib/amd64/libjava.so
7f19e8abe000-7f19e8cbe000 ---p 0002a000 08:01 656622                     /usr/lib/jvm/java-7-openjdk-amd64/jre/lib/amd64/libjava.so
7f19e8cbe000-7f19e8cbf000 r--p 0002a000 08:01 656622                     /usr/lib/jvm/java-7-openjdk-amd64/jre/lib/amd64/libjava.so
7f19e8cbf000-7f19e8cc1000 rw-p 0002b000 08:01 656622                     /usr/lib/jvm/java-7-openjdk-amd64/jre/lib/amd64/libjava.so
7f19e8cc1000-7f19e8cd1000 r-xp 00000000 08:01 656615                     /usr/lib/jvm/java-7-openjdk-amd64/jre/lib/amd64/libverify.so
7f19e8cd1000-7f19e8ed0000 ---p 00010000 08:01 656615                     /usr/lib/jvm/java-7-openjdk-amd64/jre/lib/amd64/libverify.so
7f19e8ed0000-7f19e8ed2000 r--p 0000f000 08:01 656615                     /usr/lib/jvm/java-7-openjdk-amd64/jre/lib/amd64/libverify.so
7f19e8ed2000-7f19e8ed3000 rw-p 00011000 08:01 656615                     /usr/lib/jvm/java-7-openjdk-amd64/jre/lib/amd64/libverify.so
7f19e8ed3000-7f19e8eda000 r-xp 00000000 08:01 397277                     /lib/x86_64-linux-gnu/librt-2.19.so
7f19e8eda000-7f19e90d9000 ---p 00007000 08:01 397277                     /lib/x86_64-linux-gnu/librt-2.19.so
7f19e90d9000-7f19e90da000 r--p 00006000 08:01 397277                     /lib/x86_64-linux-gnu/librt-2.19.so
7f19e90da000-7f19e90db000 rw-p 00007000 08:01 397277                     /lib/x86_64-linux-gnu/librt-2.19.so
7f19e90db000-7f19e90f1000 r-xp 00000000 08:01 391699                     /lib/x86_64-linux-gnu/libgcc_s.so.1
7f19e90f1000-7f19e92f0000 ---p 00016000 08:01 391699                     /lib/x86_64-linux-gnu/libgcc_s.so.1
7f19e92f0000-7f19e92f1000 rw-p 00015000 08:01 391699                     /lib/x86_64-linux-gnu/libgcc_s.so.1
7f19e92f1000-7f19e93f6000 r-xp 00000000 08:01 397271                     /lib/x86_64-linux-gnu/libm-2.19.so
7f19e93f6000-7f19e95f5000 ---p 00105000 08:01 397271                     /lib/x86_64-linux-gnu/libm-2.19.so
7f19e95f5000-7f19e95f6000 r--p 00104000 08:01 397271                     /lib/x86_64-linux-gnu/libm-2.19.so
7f19e95f6000-7f19e95f7000 rw-p 00105000 08:01 397271                     /lib/x86_64-linux-gnu/libm-2.19.so
7f19e95f7000-7f19e96dd000 r-xp 00000000 08:01 262597                     /usr/lib/x86_64-linux-gnu/libstdc++.so.6.0.19
7f19e96dd000-7f19e98dc000 ---p 000e6000 08:01 262597                     /usr/lib/x86_64-linux-gnu/libstdc++.so.6.0.19
7f19e98dc000-7f19e98e4000 r--p 000e5000 08:01 262597                     /usr/lib/x86_64-linux-gnu/libstdc++.so.6.0.19
7f19e98e4000-7f19e98e6000 rw-p 000ed000 08:01 262597                     /usr/lib/x86_64-linux-gnu/libstdc++.so.6.0.19
7f19e98e6000-7f19e98fb000 rw-p 00000000 00:00 0 
7f19e98fb000-7f19ea42f000 r-xp 00000000 08:01 656627                     /usr/lib/jvm/java-7-openjdk-amd64/jre/lib/amd64/server/libjvm.so
7f19ea42f000-7f19ea62f000 ---p 00b34000 08:01 656627                     /usr/lib/jvm/java-7-openjdk-amd64/jre/lib/amd64/server/libjvm.so
7f19ea62f000-7f19ea6ca000 r--p 00b34000 08:01 656627                     /usr/lib/jvm/java-7-openjdk-amd64/jre/lib/amd64/server/libjvm.so
7f19ea6ca000-7f19ea6ed000 rw-p 00bcf000 08:01 656627                     /usr/lib/jvm/java-7-openjdk-amd64/jre/lib/amd64/server/libjvm.so
7f19ea6ed000-7f19ea71d000 rw-p 00000000 00:00 0 
7f19ea71d000-7f19ea735000 r-xp 00000000 08:01 391927                     /lib/x86_64-linux-gnu/libz.so.1.2.8
7f19ea735000-7f19ea934000 ---p 00018000 08:01 391927                     /lib/x86_64-linux-gnu/libz.so.1.2.8
7f19ea934000-7f19ea935000 r--p 00017000 08:01 391927                     /lib/x86_64-linux-gnu/libz.so.1.2.8
7f19ea935000-7f19ea936000 rw-p 00018000 08:01 391927                     /lib/x86_64-linux-gnu/libz.so.1.2.8
7f19ea936000-7f19ea94f000 r-xp 00000000 08:01 397273                     /lib/x86_64-linux-gnu/libpthread-2.19.so
7f19ea94f000-7f19eab4e000 ---p 00019000 08:01 397273                     /lib/x86_64-linux-gnu/libpthread-2.19.so
7f19eab4e000-7f19eab4f000 r--p 00018000 08:01 397273                     /lib/x86_64-linux-gnu/libpthread-2.19.so
7f19eab4f000-7f19eab50000 rw-p 00019000 08:01 397273                     /lib/x86_64-linux-gnu/libpthread-2.19.so
7f19eab50000-7f19eab54000 rw-p 00000000 00:00 0 
7f19eab54000-7f19eab57000 r-xp 00000000 08:01 397276                     /lib/x86_64-linux-gnu/libdl-2.19.so
7f19eab57000-7f19ead56000 ---p 00003000 08:01 397276                     /lib/x86_64-linux-gnu/libdl-2.19.so
7f19ead56000-7f19ead57000 r--p 00002000 08:01 397276                     /lib/x86_64-linux-gnu/libdl-2.19.so
7f19ead57000-7f19ead58000 rw-p 00003000 08:01 397276                     /lib/x86_64-linux-gnu/libdl-2.19.so
7f19ead58000-7f19eaf16000 r-xp 00000000 08:01 397272                     /lib/x86_64-linux-gnu/libc-2.19.so
7f19eaf16000-7f19eb116000 ---p 001be000 08:01 397272                     /lib/x86_64-linux-gnu/libc-2.19.so
7f19eb116000-7f19eb11a000 r--p 001be000 08:01 397272                     /lib/x86_64-linux-gnu/libc-2.19.so
7f19eb11a000-7f19eb11c000 rw-p 001c2000 08:01 397272                     /lib/x86_64-linux-gnu/libc-2.19.so
7f19eb11c000-7f19eb121000 rw-p 00000000 00:00 0 
7f19eb121000-7f19eb12e000 r-xp 00000000 08:01 656605                     /usr/lib/jvm/java-7-openjdk-amd64/jre/lib/amd64/jli/libjli.so
7f19eb12e000-7f19eb32d000 ---p 0000d000 08:01 656605                     /usr/lib/jvm/java-7-openjdk-amd64/jre/lib/amd64/jli/libjli.so
7f19eb32d000-7f19eb32e000 r--p 0000c000 08:01 656605                     /usr/lib/jvm/java-7-openjdk-amd64/jre/lib/amd64/jli/libjli.so
7f19eb32e000-7f19eb32f000 rw-p 0000d000 08:01 656605                     /usr/lib/jvm/java-7-openjdk-amd64/jre/lib/amd64/jli/libjli.so
7f19eb32f000-7f19eb352000 r-xp 00000000 08:01 397280                     /lib/x86_64-linux-gnu/ld-2.19.so
7f19eb361000-7f19eb382000 rw-p 00000000 00:00 0 
7f19eb382000-7f19eb438000 rw-p 00000000 00:00 0 
7f19eb438000-7f19eb43b000 ---p 00000000 00:00 0 
7f19eb43b000-7f19eb53e000 rw-p 00000000 00:00 0 
7f19eb545000-7f19eb54d000 rw-s 00000000 08:05 15573                      /tmp/hsperfdata_franksvalli/17201
7f19eb54d000-7f19eb54e000 rw-p 00000000 00:00 0 
7f19eb54e000-7f19eb54f000 r--p 00000000 00:00 0 
7f19eb54f000-7f19eb551000 rw-p 00000000 00:00 0 
7f19eb551000-7f19eb552000 r--p 00022000 08:01 397280                     /lib/x86_64-linux-gnu/ld-2.19.so
7f19eb552000-7f19eb553000 rw-p 00023000 08:01 397280                     /lib/x86_64-linux-gnu/ld-2.19.so
7f19eb553000-7f19eb554000 rw-p 00000000 00:00 0 
7ffe971a5000-7ffe971c6000 rw-p 00000000 00:00 0                          [stack]
7ffe971ee000-7ffe971f1000 r--p 00000000 00:00 0                          [vvar]
7ffe971f1000-7ffe971f3000 r-xp 00000000 00:00 0                          [vdso]
ffffffffff600000-ffffffffff601000 r-xp 00000000 00:00 0                  [vsyscall]

VM Arguments:
java_command: yuicompressor-2.4.2.jar tmp/d41d8cd98f00b204e9800998ecf8427e.js
Launcher Type: SUN_STANDARD

Environment Variables:
PATH=/usr/local/bin:/usr/bin:/bin

Signal Handlers:
SIGSEGV: [libjvm.so+0x963630], sa_mask[0]=0x7ffbfeff, sa_flags=0x10000004
SIGBUS: [libjvm.so+0x963630], sa_mask[0]=0x7ffbfeff, sa_flags=0x10000004
SIGFPE: [libjvm.so+0x7d5da0], sa_mask[0]=0x7ffbfeff, sa_flags=0x10000004
SIGPIPE: [libjvm.so+0x7d5da0], sa_mask[0]=0x7ffbfeff, sa_flags=0x10000004
SIGXFSZ: [libjvm.so+0x7d5da0], sa_mask[0]=0x7ffbfeff, sa_flags=0x10000004
SIGILL: [libjvm.so+0x7d5da0], sa_mask[0]=0x7ffbfeff, sa_flags=0x10000004
SIGUSR1: SIG_DFL, sa_mask[0]=0x00000000, sa_flags=0x00000000
SIGUSR2: [libjvm.so+0x7d5ed0], sa_mask[0]=0x00000000, sa_flags=0x10000004
SIGHUP: SIG_DFL, sa_mask[0]=0x00000000, sa_flags=0x00000000
SIGINT: SIG_DFL, sa_mask[0]=0x00000000, sa_flags=0x00000000
SIGTERM: SIG_DFL, sa_mask[0]=0x00000000, sa_flags=0x00000000
SIGQUIT: SIG_DFL, sa_mask[0]=0x00000000, sa_flags=0x00000000
SIGTRAP: SIG_DFL, sa_mask[0]=0x00000000, sa_flags=0x00000000


---------------  S Y S T E M  ---------------

OS:Ubuntu 14.04 (trusty)
uname:Linux 4.4.126-0.ksplice-lts-generic #2 SMP Tue Apr 10 12:33:32 UTC 2018 x86_64
libc:glibc 2.19 NPTL 2.19 
rlimit: STACK 8192k, CORE 0k, NPROC 5000, NOFILE 4096, AS 2048000k
load average:1.10 1.60 1.92

/proc/meminfo:
MemTotal:       32932580 kB
MemFree:         1546624 kB
MemAvailable:   21367284 kB
Buffers:          128024 kB
Cached:          8580076 kB
SwapCached:        52808 kB
Active:         10537848 kB
Inactive:        5177168 kB
Active(anon):    6369508 kB
Inactive(anon):  2072432 kB
Active(file):    4168340 kB
Inactive(file):  3104736 kB
Unevictable:       27100 kB
Mlocked:           27100 kB
SwapTotal:       3117180 kB
SwapFree:         665652 kB
Dirty:               652 kB
Writeback:             0 kB
AnonPages:       6983112 kB
Mapped:          1499372 kB
Shmem:           1431556 kB
Slab:           13368904 kB
SReclaimable:   12885468 kB
SUnreclaim:       483436 kB
KernelStack:       15200 kB
PageTables:       330308 kB
NFS_Unstable:          0 kB
Bounce:                0 kB
WritebackTmp:          0 kB
CommitLimit:    19583468 kB
Committed_AS:   38162528 kB
VmallocTotal:   34359738367 kB
VmallocUsed:           0 kB
VmallocChunk:          0 kB
HardwareCorrupted:     0 kB
AnonHugePages:         0 kB
CmaTotal:              0 kB
CmaFree:               0 kB
HugePages_Total:       0
HugePages_Free:        0
HugePages_Rsvd:        0
HugePages_Surp:        0
Hugepagesize:       2048 kB
DirectMap4k:       15680 kB
DirectMap2M:     3123200 kB
DirectMap1G:    30408704 kB


CPU:total 8 (initial active 8) (4 cores per cpu, 1 threads per core) family 16 model 8 stepping 0, cmov, cx8, fxsr, mmx, sse, sse2, sse3, popcnt, mmxext, 3dnowpref, lzcnt, sse4a, tsc, tscinvbit, tscinv

/proc/cpuinfo:
processor	: 0
vendor_id	: AuthenticAMD
cpu family	: 16
model		: 8
model name	: AMD Opteron(tm) Processor 4122
stepping	: 0
microcode	: 0x10000da
cpu MHz		: 2200.000
cache size	: 512 KB
physical id	: 0
siblings	: 4
core id		: 0
cpu cores	: 4
apicid		: 8
initial apicid	: 0
fpu		: yes
fpu_exception	: yes
cpuid level	: 5
wp		: yes
flags		: fpu vme de pse tsc msr pae mce cx8 apic sep mtrr pge mca cmov pat pse36 clflush mmx fxsr sse sse2 ht syscall nx mmxext fxsr_opt pdpe1gb rdtscp lm 3dnowext 3dnow constant_tsc rep_good nopl nonstop_tsc extd_apicid pni monitor cx16 popcnt lahf_lm cmp_legacy svm extapic cr8_legacy abm sse4a misalignsse 3dnowprefetch osvw ibs skinit wdt nodeid_msr hw_pstate rsb_ctxsw retpoline retpoline_amd npt lbrv svm_lock nrip_save pausefilter vmmcall
bugs		: tlb_mmatch fxsave_leak sysret_ss_attrs spectre_v1 spectre_v2
bogomips	: 4388.98
TLB size	: 1024 4K pages
clflush size	: 64
cache_alignment	: 64
address sizes	: 48 bits physical, 48 bits virtual
power management: ts ttp tm stc 100mhzsteps hwpstate

processor	: 1
vendor_id	: AuthenticAMD
cpu family	: 16
model		: 8
model name	: AMD Opteron(tm) Processor 4122
stepping	: 0
microcode	: 0x10000da
cpu MHz		: 2200.000
cache size	: 512 KB
physical id	: 0
siblings	: 4
core id		: 1
cpu cores	: 4
apicid		: 9
initial apicid	: 1
fpu		: yes
fpu_exception	: yes
cpuid level	: 5
wp		: yes
flags		: fpu vme de pse tsc msr pae mce cx8 apic sep mtrr pge mca cmov pat pse36 clflush mmx fxsr sse sse2 ht syscall nx mmxext fxsr_opt pdpe1gb rdtscp lm 3dnowext 3dnow constant_tsc rep_good nopl nonstop_tsc extd_apicid pni monitor cx16 popcnt lahf_lm cmp_legacy svm extapic cr8_legacy abm sse4a misalignsse 3dnowprefetch osvw ibs skinit wdt nodeid_msr hw_pstate rsb_ctxsw retpoline retpoline_amd npt lbrv svm_lock nrip_save pausefilter vmmcall
bugs		: tlb_mmatch fxsave_leak sysret_ss_attrs spectre_v1 spectre_v2
bogomips	: 4388.98
TLB size	: 1024 4K pages
clflush size	: 64
cache_alignment	: 64
address sizes	: 48 bits physical, 48 bits virtual
power management: ts ttp tm stc 100mhzsteps hwpstate

processor	: 2
vendor_id	: AuthenticAMD
cpu family	: 16
model		: 8
model name	: AMD Opteron(tm) Processor 4122
stepping	: 0
microcode	: 0x10000da
cpu MHz		: 2200.000
cache size	: 512 KB
physical id	: 0
siblings	: 4
core id		: 2
cpu cores	: 4
apicid		: 10
initial apicid	: 2
fpu		: yes
fpu_exception	: yes
cpuid level	: 5
wp		: yes
flags		: fpu vme de pse tsc msr pae mce cx8 apic sep mtrr pge mca cmov pat pse36 clflush mmx fxsr sse sse2 ht syscall nx mmxext fxsr_opt pdpe1gb rdtscp lm 3dnowext 3dnow constant_tsc rep_good nopl nonstop_tsc extd_apicid pni monitor cx16 popcnt lahf_lm cmp_legacy svm extapic cr8_legacy abm sse4a misalignsse 3dnowprefetch osvw ibs skinit wdt nodeid_msr hw_pstate rsb_ctxsw retpoline retpoline_amd npt lbrv svm_lock nrip_save pausefilter vmmcall
bugs		: tlb_mmatch fxsave_leak sysret_ss_attrs spectre_v1 spectre_v2
bogomips	: 4388.98
TLB size	: 1024 4K pages
clflush size	: 64
cache_alignment	: 64
address sizes	: 48 bits physical, 48 bits virtual
power management: ts ttp tm stc 100mhzsteps hwpstate

processor	: 3
vendor_id	: AuthenticAMD
cpu family	: 16
model		: 8
model name	: AMD Opteron(tm) Processor 4122
stepping	: 0
microcode	: 0x10000da
cpu MHz		: 2200.000
cache size	: 512 KB
physical id	: 0
siblings	: 4
core id		: 3
cpu cores	: 4
apicid		: 11
initial apicid	: 3
fpu		: yes
fpu_exception	: yes
cpuid level	: 5
wp		: yes
flags		: fpu vme de pse tsc msr pae mce cx8 apic sep mtrr pge mca cmov pat pse36 clflush mmx fxsr sse sse2 ht syscall nx mmxext fxsr_opt pdpe1gb rdtscp lm 3dnowext 3dnow constant_tsc rep_good nopl nonstop_tsc extd_apicid pni monitor cx16 popcnt lahf_lm cmp_legacy svm extapic cr8_legacy abm sse4a misalignsse 3dnowprefetch osvw ibs skinit wdt nodeid_msr hw_pstate rsb_ctxsw retpoline retpoline_amd npt lbrv svm_lock nrip_save pausefilter vmmcall
bugs		: tlb_mmatch fxsave_leak sysret_ss_attrs spectre_v1 spectre_v2
bogomips	: 4388.98
TLB size	: 1024 4K pages
clflush size	: 64
cache_alignment	: 64
address sizes	: 48 bits physical, 48 bits virtual
power management: ts ttp tm stc 100mhzsteps hwpstate

processor	: 4
vendor_id	: AuthenticAMD
cpu family	: 16
model		: 8
model name	: AMD Opteron(tm) Processor 4122
stepping	: 0
microcode	: 0x10000da
cpu MHz		: 2200.000
cache size	: 512 KB
physical id	: 1
siblings	: 4
core id		: 0
cpu cores	: 4
apicid		: 16
initial apicid	: 8
fpu		: yes
fpu_exception	: yes
cpuid level	: 5
wp		: yes
flags		: fpu vme de pse tsc msr pae mce cx8 apic sep mtrr pge mca cmov pat pse36 clflush mmx fxsr sse sse2 ht syscall nx mmxext fxsr_opt pdpe1gb rdtscp lm 3dnowext 3dnow constant_tsc rep_good nopl nonstop_tsc extd_apicid pni monitor cx16 popcnt lahf_lm cmp_legacy svm extapic cr8_legacy abm sse4a misalignsse 3dnowprefetch osvw ibs skinit wdt nodeid_msr hw_pstate rsb_ctxsw retpoline retpoline_amd npt lbrv svm_lock nrip_save pausefilter vmmcall
bugs		: tlb_mmatch fxsave_leak sysret_ss_attrs spectre_v1 spectre_v2
bogomips	: 4389.02
TLB size	: 1024 4K pages
clflush size	: 64
cache_alignment	: 64
address sizes	: 48 bits physical, 48 bits virtual
power management: ts ttp tm stc 100mhzsteps hwpstate

processor	: 5
vendor_id	: AuthenticAMD
cpu family	: 16
model		: 8
model name	: AMD Opteron(tm) Processor 4122
stepping	: 0
microcode	: 0x10000da
cpu MHz		: 2200.000
cache size	: 512 KB
physical id	: 1
siblings	: 4
core id		: 1
cpu cores	: 4
apicid		: 17
initial apicid	: 9
fpu		: yes
fpu_exception	: yes
cpuid level	: 5
wp		: yes
flags		: fpu vme de pse tsc msr pae mce cx8 apic sep mtrr pge mca cmov pat pse36 clflush mmx fxsr sse sse2 ht syscall nx mmxext fxsr_opt pdpe1gb rdtscp lm 3dnowext 3dnow constant_tsc rep_good nopl nonstop_tsc extd_apicid pni monitor cx16 popcnt lahf_lm cmp_legacy svm extapic cr8_legacy abm sse4a misalignsse 3dnowprefetch osvw ibs skinit wdt nodeid_msr hw_pstate rsb_ctxsw retpoline retpoline_amd npt lbrv svm_lock nrip_save pausefilter vmmcall
bugs		: tlb_mmatch fxsave_leak sysret_ss_attrs spectre_v1 spectre_v2
bogomips	: 4389.02
TLB size	: 1024 4K pages
clflush size	: 64
cache_alignment	: 64
address sizes	: 48 bits physical, 48 bits virtual
power management: ts ttp tm stc 100mhzsteps hwpstate

processor	: 6
vendor_id	: AuthenticAMD
cpu family	: 16
model		: 8
model name	: AMD Opteron(tm) Processor 4122
stepping	: 0
microcode	: 0x10000da
cpu MHz		: 2200.000
cache size	: 512 KB
physical id	: 1
siblings	: 4
core id		: 2
cpu cores	: 4
apicid		: 18
initial apicid	: 10
fpu		: yes
fpu_exception	: yes
cpuid level	: 5
wp		: yes
flags		: fpu vme de pse tsc msr pae mce cx8 apic sep mtrr pge mca cmov pat pse36 clflush mmx fxsr sse sse2 ht syscall nx mmxext fxsr_opt pdpe1gb rdtscp lm 3dnowext 3dnow constant_tsc rep_good nopl nonstop_tsc extd_apicid pni monitor cx16 popcnt lahf_lm cmp_legacy svm extapic cr8_legacy abm sse4a misalignsse 3dnowprefetch osvw ibs skinit wdt nodeid_msr hw_pstate rsb_ctxsw retpoline retpoline_amd npt lbrv svm_lock nrip_save pausefilter vmmcall
bugs		: tlb_mmatch fxsave_leak sysret_ss_attrs spectre_v1 spectre_v2
bogomips	: 4389.02
TLB size	: 1024 4K pages
clflush size	: 64
cache_alignment	: 64
address sizes	: 48 bits physical, 48 bits virtual
power management: ts ttp tm stc 100mhzsteps hwpstate

processor	: 7
vendor_id	: AuthenticAMD
cpu family	: 16
model		: 8
model name	: AMD Opteron(tm) Processor 4122
stepping	: 0
microcode	: 0x10000da
cpu MHz		: 2200.000
cache size	: 512 KB
physical id	: 1
siblings	: 4
core id		: 3
cpu cores	: 4
apicid		: 19
initial apicid	: 11
fpu		: yes
fpu_exception	: yes
cpuid level	: 5
wp		: yes
flags		: fpu vme de pse tsc msr pae mce cx8 apic sep mtrr pge mca cmov pat pse36 clflush mmx fxsr sse sse2 ht syscall nx mmxext fxsr_opt pdpe1gb rdtscp lm 3dnowext 3dnow constant_tsc rep_good nopl nonstop_tsc extd_apicid pni monitor cx16 popcnt lahf_lm cmp_legacy svm extapic cr8_legacy abm sse4a misalignsse 3dnowprefetch osvw ibs skinit wdt nodeid_msr hw_pstate rsb_ctxsw retpoline retpoline_amd npt lbrv svm_lock nrip_save pausefilter vmmcall
bugs		: tlb_mmatch fxsave_leak sysret_ss_attrs spectre_v1 spectre_v2
bogomips	: 4389.02
TLB size	: 1024 4K pages
clflush size	: 64
cache_alignment	: 64
address sizes	: 48 bits physical, 48 bits virtual
power management: ts ttp tm stc 100mhzsteps hwpstate



Memory: 4k page, physical 32932580k(1546624k free), swap 3117180k(665652k free)

vm_info: OpenJDK 64-Bit Server VM (24.151-b01) for linux-amd64 JRE (1.7.0_151-b01), built on Aug 15 2017 05:35:24 by "buildd" with gcc 4.8.4

time: Thu Jul 26 21:57:45 2018
elapsed time: 0 seconds

