#
# There is insufficient memory for the Java Runtime Environment to continue.
# pthread_getattr_np
# Possible reasons:
#   The system is out of physical RAM or swap space
#   In 32 bit mode, the process size limit was hit
# Possible solutions:
#   Reduce memory load on the system
#   Increase physical memory or swap space
#   Check if swap backing store is full
#   Use 64 bit Java on a 64 bit OS
#   Decrease Java heap size (-Xmx/-Xms)
#   Decrease number of Java threads
#   Decrease Java thread stack sizes (-Xss)
#   Set larger code cache with -XX:ReservedCodeCacheSize=
# This output file may be truncated or incomplete.
#
#  Out of Memory Error (os_linux_x86.cpp:718), pid=28772, tid=3477905889024
#
# JRE version:  (7.0_151-b01) (build )
# Java VM: OpenJDK 64-Bit Server VM (24.151-b01 mixed mode linux-amd64 compressed oops)
# Derivative: IcedTea 2.6.11
# Distribution: Ubuntu 14.04 LTS, package 7u151-2.6.11-0ubuntu1.14.04.1
# Failed to write core dump. Core dumps have been disabled. To enable core dumping, try "ulimit -c unlimited" before starting Java again
#

---------------  T H R E A D  ---------------

Current thread (0x0000032a181cb800):  JavaThread "Reference Handler" daemon [_thread_new, id=28783, stack(0x0000000000000000,0x0000000000000000)]

Stack: [0x0000000000000000,0x0000000000000000],  sp=0x00000329c3584ae0,  free space=3396392466k
Native frames: (J=compiled Java code, j=interpreted, Vv=VM code, C=native code)
V  [libjvm.so+0x962b45]
V  [libjvm.so+0x49a474]
V  [libjvm.so+0x7e21ea]
V  [libjvm.so+0x7e223d]
V  [libjvm.so+0x90f619]
V  [libjvm.so+0x91568c]
V  [libjvm.so+0x7d75c2]


---------------  P R O C E S S  ---------------

Java Threads: ( => current thread )
=>0x0000032a181cb800 JavaThread "Reference Handler" daemon [_thread_new, id=28783, stack(0x0000000000000000,0x0000000000000000)]
  0x0000032a1800a000 JavaThread "main" [_thread_in_vm, id=28773, stack(0x0000032a1fd68000,0x0000032a1fe69000)]

Other Threads:
  0x0000032a181c5000 VMThread [stack: 0x00000329c3643000,0x00000329c3744000] [id=28782]

VM state:not at safepoint (normal execution)

VM Mutex/Monitor currently owned by a thread:  ([mutex/lock_event])
[0x0000032a180062b0] Threads_lock - owner thread: 0x0000032a1800a000

Heap
 PSYoungGen      total 150528K, used 2580K [0x0000032a00280000, 0x0000032a0aa80000, 0x0000032a15000000)
  eden space 129024K, 2% used [0x0000032a00280000,0x0000032a00505240,0x0000032a08080000)
  from space 21504K, 0% used [0x0000032a09580000,0x0000032a09580000,0x0000032a0aa80000)
  to   space 21504K, 0% used [0x0000032a08080000,0x0000032a08080000,0x0000032a09580000)
 ParOldGen       total 343040K, used 0K [0x00000329d6800000, 0x00000329eb700000, 0x0000032a00280000)
  object space 343040K, 0% used [0x00000329d6800000,0x00000329d6800000,0x00000329eb700000)
 PSPermGen       total 21504K, used 938K [0x00000329cc200000, 0x00000329cd700000, 0x00000329d6800000)
  object space 21504K, 4% used [0x00000329cc200000,0x00000329cc2eb428,0x00000329cd700000)

Card table byte_map: [0x0000032a1c6cd000,0x0000032a1c915000] byte_map_base: 0x000003288786c000

Polling page: 0x0000032a1fed1000

Code Cache  [0x0000032a15000000, 0x0000032a15270000, 0x0000032a18000000)
 total_blobs=63 nmethods=0 adapters=41 free_code_cache=48824Kb largest_free_block=49995712

Compilation events (0 events):
No events

GC Heap History (0 events):
No events

Deoptimization events (0 events):
No events

Internal exceptions (0 events):
No events

Events (10 events):
Event: 0.186 loading class 0x0000032a1fd061d0
Event: 0.186 loading class 0x0000032a1fd061d0 done
Event: 0.186 loading class 0x0000032a1fd02370
Event: 0.187 loading class 0x0000032a1fd02370 done
