#
# There is insufficient memory for the Java Runtime Environment to continue.
# pthread_getattr_np
# Possible reasons:
#   The system is out of physical RAM or swap space
#   In 32 bit mode, the process size limit was hit
# Possible solutions:
#   Reduce memory load on the system
#   Increase physical memory or swap space
#   Check if swap backing store is full
#   Use 64 bit Java on a 64 bit OS
#   Decrease Java heap size (-Xmx/-Xms)
#   Decrease number of Java threads
#   Decrease Java thread stack sizes (-Xss)
#   Set larger code cache with -XX:ReservedCodeCacheSize=
# This output file may be truncated or incomplete.
#
#  Out of Memory Error (os_linux_x86.cpp:718), pid=28939, tid=139699362387712
#
# JRE version:  (7.0_151-b01) (build )
# Java VM: OpenJDK 64-Bit Server VM (24.151-b01 mixed mode linux-amd64 compressed oops)
# Derivative: IcedTea 2.6.11
# Distribution: Ubuntu 14.04 LTS, package 7u151-2.6.11-0ubuntu1.14.04.1
# Failed to write core dump. Core dumps have been disabled. To enable core dumping, try "ulimit -c unlimited" before starting Java again
#

---------------  T H R E A D  ---------------

Current thread (0x00007f0e701cb800):  JavaThread "Reference Handler" daemon [_thread_new, id=28951, stack(0x0000000000000000,0x0000000000000000)]

Stack: [0x0000000000000000,0x0000000000000000],  sp=0x00007f0e4adecae0,  free space=136425158578k
Native frames: (J=compiled Java code, j=interpreted, Vv=VM code, C=native code)
V  [libjvm.so+0x962b45]
V  [libjvm.so+0x49a474]
V  [libjvm.so+0x7e21ea]
V  [libjvm.so+0x7e223d]
V  [libjvm.so+0x90f619]
V  [libjvm.so+0x91568c]
V  [libjvm.so+0x7d75c2]


---------------  P R O C E S S  ---------------

Java Threads: ( => current thread )
=>0x00007f0e701cb800 JavaThread "Reference Handler" daemon [_thread_new, id=28951, stack(0x0000000000000000,0x0000000000000000)]
  0x00007f0e7000a000 JavaThread "main" [_thread_in_vm, id=28940, stack(0x00007f0e76446000,0x00007f0e76547000)]

Other Threads:
  0x00007f0e701c5000 VMThread [stack: 0x00007f0e4adee000,0x00007f0e4aeef000] [id=28950]

VM state:not at safepoint (normal execution)

VM Mutex/Monitor currently owned by a thread:  ([mutex/lock_event])
[0x00007f0e700062b0] Threads_lock - owner thread: 0x00007f0e7000a000

Heap
 PSYoungGen      total 150528K, used 2590K [0x00000000eb280000, 0x00000000f5a00000, 0x0000000100000000)
  eden space 129536K, 2% used [0x00000000eb280000,0x00000000eb507b38,0x00000000f3100000)
  from space 20992K, 0% used [0x00000000f4580000,0x00000000f4580000,0x00000000f5a00000)
  to   space 20992K, 0% used [0x00000000f3100000,0x00000000f3100000,0x00000000f4580000)
 ParOldGen       total 343040K, used 0K [0x00000000c1800000, 0x00000000d6700000, 0x00000000eb280000)
  object space 343040K, 0% used [0x00000000c1800000,0x00000000c1800000,0x00000000d6700000)
 PSPermGen       total 21504K, used 938K [0x00000000b7200000, 0x00000000b8700000, 0x00000000c1800000)
  object space 21504K, 4% used [0x00000000b7200000,0x00000000b72eaa88,0x00000000b8700000)

Card table byte_map: [0x00007f0e6bd2d000,0x00007f0e6bf75000] byte_map_base: 0x00007f0e6b774000

Polling page: 0x00007f0e7655c000

Code Cache  [0x00007f0e6bf75000, 0x00007f0e6c1e5000, 0x00007f0e6ef75000)
 total_blobs=63 nmethods=0 adapters=41 free_code_cache=48824Kb largest_free_block=49995840

Compilation events (0 events):
No events

GC Heap History (0 events):
No events

Deoptimization events (0 events):
No events

Internal exceptions (0 events):
No events

Events (10 events):
Event: 0.257 loading class 0x00007f0e7404b1d0
Event: 0.257 loading class 0x00007f0e7404b1d0 done
Event: 0.258 loading class 0x00007f0e74047370
Event: 0.258 loading class 0x00007f0e74047370 done
Event: 0.258 loading class 0x00007f0e7404fec0
Event: 0.258 loading class 0x00007f0e7404fec0 done
Event: 0.258 loading class 0x00007f0e7404fef0
Event: 0.259 loading class 0x00007f0e7404fef0 done
Event: 0.259 Thread 0x00007f0e701cb800 Thread added: 0x00007f0e701cb800
Event: 0.259 loading class 0x00007f0e7404ff80


Dynamic libraries:
00400000-00401000 r-xp 00000000 08:01 656563                             /usr/lib/jvm/java-7-openjdk-amd64/jre/bin/java
00600000-00601000 r--p 00000000 08:01 656563                             /usr/lib/jvm/java-7-openjdk-amd64/jre/bin/java
00601000-00602000 rw-p 00001000 08:01 656563                             /usr/lib/jvm/java-7-openjdk-amd64/jre/bin/java
00e3d000-00e5e000 rw-p 00000000 00:00 0                                  [heap]
b7200000-b8700000 rw-p 00000000 00:00 0 
b8700000-c1800000 rw-p 00000000 00:00 0 
c1800000-d6700000 rw-p 00000000 00:00 0 
d6700000-eb280000 rw-p 00000000 00:00 0 
eb280000-f5a00000 rw-p 00000000 00:00 0 
f5a00000-100000000 rw-p 00000000 00:00 0 
7f0e40000000-7f0e40021000 rw-p 00000000 00:00 0 
7f0e40021000-7f0e44000000 ---p 00000000 00:00 0 
7f0e44000000-7f0e44021000 rw-p 00000000 00:00 0 
7f0e44021000-7f0e48000000 ---p 00000000 00:00 0 
7f0e4abec000-7f0e4adee000 rw-p 00000000 00:00 0 
7f0e4adee000-7f0e4adef000 ---p 00000000 00:00 0 
7f0e4adef000-7f0e4c000000 rw-p 00000000 00:00 0 
7f0e4c000000-7f0e4c021000 rw-p 00000000 00:00 0 
7f0e4c021000-7f0e50000000 ---p 00000000 00:00 0 
7f0e50000000-7f0e50021000 rw-p 00000000 00:00 0 
7f0e50021000-7f0e54000000 ---p 00000000 00:00 0 
7f0e54000000-7f0e54021000 rw-p 00000000 00:00 0 
7f0e54021000-7f0e58000000 ---p 00000000 00:00 0 
7f0e58000000-7f0e58021000 rw-p 00000000 00:00 0 
7f0e58021000-7f0e5c000000 ---p 00000000 00:00 0 
7f0e5c000000-7f0e5c021000 rw-p 00000000 00:00 0 
7f0e5c021000-7f0e60000000 ---p 00000000 00:00 0 
7f0e60000000-7f0e60021000 rw-p 00000000 00:00 0 
7f0e60021000-7f0e64000000 ---p 00000000 00:00 0 
7f0e64000000-7f0e64021000 rw-p 00000000 00:00 0 
7f0e64021000-7f0e68000000 ---p 00000000 00:00 0 
7f0e680a0000-7f0e68af4000 rw-p 00000000 00:00 0 
7f0e68af4000-7f0e68caa000 r--s 01d63000 08:01 656571                     /usr/lib/jvm/java-7-openjdk-amd64/jre/lib/rt.jar
7f0e68caa000-7f0e6b3d7000 rw-p 00000000 00:00 0 
7f0e6b3d7000-7f0e6b3d8000 ---p 00000000 00:00 0 
7f0e6b3d8000-7f0e6b4d8000 rw-p 00000000 00:00 0 
7f0e6b4d8000-7f0e6b4d9000 ---p 00000000 00:00 0 
7f0e6b4d9000-7f0e6b5d9000 rw-p 00000000 00:00 0 
7f0e6b5d9000-7f0e6b5da000 ---p 00000000 00:00 0 
7f0e6b5da000-7f0e6b6da000 rw-p 00000000 00:00 0 
7f0e6b6da000-7f0e6b6db000 ---p 00000000 00:00 0 
7f0e6b6db000-7f0e6b7db000 rw-p 00000000 00:00 0 
7f0e6b7db000-7f0e6b7dc000 ---p 00000000 00:00 0 
7f0e6b7dc000-7f0e6b8dc000 rw-p 00000000 00:00 0 
7f0e6b8dc000-7f0e6b8dd000 ---p 00000000 00:00 0 
7f0e6b8dd000-7f0e6b9dd000 rw-p 00000000 00:00 0 
7f0e6b9dd000-7f0e6b9de000 ---p 00000000 00:00 0 
7f0e6b9de000-7f0e6bade000 rw-p 00000000 00:00 0 
7f0e6bade000-7f0e6badf000 ---p 00000000 00:00 0 
7f0e6badf000-7f0e6bc87000 rw-p 00000000 00:00 0 
7f0e6bc87000-7f0e6bd2d000 rw-p 00000000 00:00 0 
7f0e6bd2d000-7f0e6bd38000 rw-p 00000000 00:00 0 
7f0e6bd38000-7f0e6bd80000 rw-p 00000000 00:00 0 
7f0e6bd80000-7f0e6be28000 rw-p 00000000 00:00 0 
7f0e6be28000-7f0e6becd000 rw-p 00000000 00:00 0 
7f0e6becd000-7f0e6bf21000 rw-p 00000000 00:00 0 
7f0e6bf21000-7f0e6bf74000 rw-p 00000000 00:00 0 
7f0e6bf74000-7f0e6bf75000 rw-p 00000000 00:00 0 
7f0e6bf75000-7f0e6c1e5000 rwxp 00000000 00:00 0 
7f0e6c1e5000-7f0e6ef75000 rw-p 00000000 00:00 0 
7f0e6ef75000-7f0e6ef7d000 r-xp 00000000 08:01 656638                     /usr/lib/jvm/java-7-openjdk-amd64/jre/lib/amd64/libzip.so
7f0e6ef7d000-7f0e6f17c000 ---p 00008000 08:01 656638                     /usr/lib/jvm/java-7-openjdk-amd64/jre/lib/amd64/libzip.so
7f0e6f17c000-7f0e6f17d000 r--p 00007000 08:01 656638                     /usr/lib/jvm/java-7-openjdk-amd64/jre/lib/amd64/libzip.so
7f0e6f17d000-7f0e6f17e000 rw-p 00008000 08:01 656638                     /usr/lib/jvm/java-7-openjdk-amd64/jre/lib/amd64/libzip.so
7f0e6f17e000-7f0e6f188000 r-xp 00000000 08:01 397269                     /lib/x86_64-linux-gnu/libnss_files-2.19.so
7f0e6f188000-7f0e6f387000 ---p 0000a000 08:01 397269                     /lib/x86_64-linux-gnu/libnss_files-2.19.so
7f0e6f387000-7f0e6f388000 r--p 00009000 08:01 397269                     /lib/x86_64-linux-gnu/libnss_files-2.19.so
7f0e6f388000-7f0e6f389000 rw-p 0000a000 08:01 397269                     /lib/x86_64-linux-gnu/libnss_files-2.19.so
7f0e6f389000-7f0e6f394000 r-xp 00000000 08:01 397284                     /lib/x86_64-linux-gnu/libnss_nis-2.19.so
7f0e6f394000-7f0e6f593000 ---p 0000b000 08:01 397284                     /lib/x86_64-linux-gnu/libnss_nis-2.19.so
7f0e6f593000-7f0e6f594000 r--p 0000a000 08:01 397284                     /lib/x86_64-linux-gnu/libnss_nis-2.19.so
7f0e6f594000-7f0e6f595000 rw-p 0000b000 08:01 397284                     /lib/x86_64-linux-gnu/libnss_nis-2.19.so
7f0e6f595000-7f0e6f5ac000 r-xp 00000000 08:01 397265                     /lib/x86_64-linux-gnu/libnsl-2.19.so
7f0e6f5ac000-7f0e6f7ab000 ---p 00017000 08:01 397265                     /lib/x86_64-linux-gnu/libnsl-2.19.so
7f0e6f7ab000-7f0e6f7ac000 r--p 00016000 08:01 397265                     /lib/x86_64-linux-gnu/libnsl-2.19.so
7f0e6f7ac000-7f0e6f7ad000 rw-p 00017000 08:01 397265                     /lib/x86_64-linux-gnu/libnsl-2.19.so
7f0e6f7ad000-7f0e6f7af000 rw-p 00000000 00:00 0 
7f0e6f7af000-7f0e6f7b8000 r-xp 00000000 08:01 397282                     /lib/x86_64-linux-gnu/libnss_compat-2.19.so
7f0e6f7b8000-7f0e6f9b7000 ---p 00009000 08:01 397282                     /lib/x86_64-linux-gnu/libnss_compat-2.19.so
7f0e6f9b7000-7f0e6f9b8000 r--p 00008000 08:01 397282                     /lib/x86_64-linux-gnu/libnss_compat-2.19.so
7f0e6f9b8000-7f0e6f9b9000 rw-p 00009000 08:01 397282                     /lib/x86_64-linux-gnu/libnss_compat-2.19.so
7f0e6f9b9000-7f0e6f9e3000 r-xp 00000000 08:01 656622                     /usr/lib/jvm/java-7-openjdk-amd64/jre/lib/amd64/libjava.so
7f0e6f9e3000-7f0e6fbe3000 ---p 0002a000 08:01 656622                     /usr/lib/jvm/java-7-openjdk-amd64/jre/lib/amd64/libjava.so
7f0e6fbe3000-7f0e6fbe4000 r--p 0002a000 08:01 656622                     /usr/lib/jvm/java-7-openjdk-amd64/jre/lib/amd64/libjava.so
7f0e6fbe4000-7f0e6fbe6000 rw-p 0002b000 08:01 656622                     /usr/lib/jvm/java-7-openjdk-amd64/jre/lib/amd64/libjava.so
7f0e6fbe6000-7f0e6fbf6000 r-xp 00000000 08:01 656615                     /usr/lib/jvm/java-7-openjdk-amd64/jre/lib/amd64/libverify.so
7f0e6fbf6000-7f0e6fdf5000 ---p 00010000 08:01 656615                     /usr/lib/jvm/java-7-openjdk-amd64/jre/lib/amd64/libverify.so
7f0e6fdf5000-7f0e6fdf7000 r--p 0000f000 08:01 656615                     /usr/lib/jvm/java-7-openjdk-amd64/jre/lib/amd64/libverify.so
7f0e6fdf7000-7f0e6fdf8000 rw-p 00011000 08:01 656615                     /usr/lib/jvm/java-7-openjdk-amd64/jre/lib/amd64/libverify.so
7f0e6fdf8000-7f0e6fdff000 r-xp 00000000 08:01 397277                     /lib/x86_64-linux-gnu/librt-2.19.so
7f0e6fdff000-7f0e6fffe000 ---p 00007000 08:01 397277                     /lib/x86_64-linux-gnu/librt-2.19.so
7f0e6fffe000-7f0e6ffff000 r--p 00006000 08:01 397277                     /lib/x86_64-linux-gnu/librt-2.19.so
7f0e6ffff000-7f0e70000000 rw-p 00007000 08:01 397277                     /lib/x86_64-linux-gnu/librt-2.19.so
7f0e70000000-7f0e701d8000 rw-p 00000000 00:00 0 
7f0e701d8000-7f0e74000000 ---p 00000000 00:00 0 
7f0e7403b000-7f0e740a1000 rw-p 00000000 00:00 0 
7f0e740a1000-7f0e740e9000 rw-p 00000000 00:00 0 
7f0e740e9000-7f0e740ff000 r-xp 00000000 08:01 391699                     /lib/x86_64-linux-gnu/libgcc_s.so.1
7f0e740ff000-7f0e742fe000 ---p 00016000 08:01 391699                     /lib/x86_64-linux-gnu/libgcc_s.so.1
7f0e742fe000-7f0e742ff000 rw-p 00015000 08:01 391699                     /lib/x86_64-linux-gnu/libgcc_s.so.1
7f0e742ff000-7f0e74404000 r-xp 00000000 08:01 397271                     /lib/x86_64-linux-gnu/libm-2.19.so
7f0e74404000-7f0e74603000 ---p 00105000 08:01 397271                     /lib/x86_64-linux-gnu/libm-2.19.so
7f0e74603000-7f0e74604000 r--p 00104000 08:01 397271                     /lib/x86_64-linux-gnu/libm-2.19.so
7f0e74604000-7f0e74605000 rw-p 00105000 08:01 397271                     /lib/x86_64-linux-gnu/libm-2.19.so
7f0e74605000-7f0e746eb000 r-xp 00000000 08:01 262597                     /usr/lib/x86_64-linux-gnu/libstdc++.so.6.0.19
7f0e746eb000-7f0e748ea000 ---p 000e6000 08:01 262597                     /usr/lib/x86_64-linux-gnu/libstdc++.so.6.0.19
7f0e748ea000-7f0e748f2000 r--p 000e5000 08:01 262597                     /usr/lib/x86_64-linux-gnu/libstdc++.so.6.0.19
7f0e748f2000-7f0e748f4000 rw-p 000ed000 08:01 262597                     /usr/lib/x86_64-linux-gnu/libstdc++.so.6.0.19
7f0e748f4000-7f0e74909000 rw-p 00000000 00:00 0 
7f0e74909000-7f0e7543d000 r-xp 00000000 08:01 656627                     /usr/lib/jvm/java-7-openjdk-amd64/jre/lib/amd64/server/libjvm.so
7f0e7543d000-7f0e7563d000 ---p 00b34000 08:01 656627                     /usr/lib/jvm/java-7-openjdk-amd64/jre/lib/amd64/server/libjvm.so
7f0e7563d000-7f0e756d8000 r--p 00b34000 08:01 656627                     /usr/lib/jvm/java-7-openjdk-amd64/jre/lib/amd64/server/libjvm.so
7f0e756d8000-7f0e756fb000 rw-p 00bcf000 08:01 656627                     /usr/lib/jvm/java-7-openjdk-amd64/jre/lib/amd64/server/libjvm.so
7f0e756fb000-7f0e7572b000 rw-p 00000000 00:00 0 
7f0e7572b000-7f0e75743000 r-xp 00000000 08:01 391927                     /lib/x86_64-linux-gnu/libz.so.1.2.8
7f0e75743000-7f0e75942000 ---p 00018000 08:01 391927                     /lib/x86_64-linux-gnu/libz.so.1.2.8
7f0e75942000-7f0e75943000 r--p 00017000 08:01 391927                     /lib/x86_64-linux-gnu/libz.so.1.2.8
7f0e75943000-7f0e75944000 rw-p 00018000 08:01 391927                     /lib/x86_64-linux-gnu/libz.so.1.2.8
7f0e75944000-7f0e7595d000 r-xp 00000000 08:01 397273                     /lib/x86_64-linux-gnu/libpthread-2.19.so
7f0e7595d000-7f0e75b5c000 ---p 00019000 08:01 397273                     /lib/x86_64-linux-gnu/libpthread-2.19.so
7f0e75b5c000-7f0e75b5d000 r--p 00018000 08:01 397273                     /lib/x86_64-linux-gnu/libpthread-2.19.so
7f0e75b5d000-7f0e75b5e000 rw-p 00019000 08:01 397273                     /lib/x86_64-linux-gnu/libpthread-2.19.so
7f0e75b5e000-7f0e75b62000 rw-p 00000000 00:00 0 
7f0e75b62000-7f0e75b65000 r-xp 00000000 08:01 397276                     /lib/x86_64-linux-gnu/libdl-2.19.so
7f0e75b65000-7f0e75d64000 ---p 00003000 08:01 397276                     /lib/x86_64-linux-gnu/libdl-2.19.so
7f0e75d64000-7f0e75d65000 r--p 00002000 08:01 397276                     /lib/x86_64-linux-gnu/libdl-2.19.so
7f0e75d65000-7f0e75d66000 rw-p 00003000 08:01 397276                     /lib/x86_64-linux-gnu/libdl-2.19.so
7f0e75d66000-7f0e75f24000 r-xp 00000000 08:01 397272                     /lib/x86_64-linux-gnu/libc-2.19.so
7f0e75f24000-7f0e76124000 ---p 001be000 08:01 397272                     /lib/x86_64-linux-gnu/libc-2.19.so
7f0e76124000-7f0e76128000 r--p 001be000 08:01 397272                     /lib/x86_64-linux-gnu/libc-2.19.so
7f0e76128000-7f0e7612a000 rw-p 001c2000 08:01 397272                     /lib/x86_64-linux-gnu/libc-2.19.so
7f0e7612a000-7f0e7612f000 rw-p 00000000 00:00 0 
7f0e7612f000-7f0e7613c000 r-xp 00000000 08:01 656605                     /usr/lib/jvm/java-7-openjdk-amd64/jre/lib/amd64/jli/libjli.so
7f0e7613c000-7f0e7633b000 ---p 0000d000 08:01 656605                     /usr/lib/jvm/java-7-openjdk-amd64/jre/lib/amd64/jli/libjli.so
7f0e7633b000-7f0e7633c000 r--p 0000c000 08:01 656605                     /usr/lib/jvm/java-7-openjdk-amd64/jre/lib/amd64/jli/libjli.so
7f0e7633c000-7f0e7633d000 rw-p 0000d000 08:01 656605                     /usr/lib/jvm/java-7-openjdk-amd64/jre/lib/amd64/jli/libjli.so
7f0e7633d000-7f0e76360000 r-xp 00000000 08:01 397280                     /lib/x86_64-linux-gnu/ld-2.19.so
7f0e7636f000-7f0e76390000 rw-p 00000000 00:00 0 
7f0e76390000-7f0e76446000 rw-p 00000000 00:00 0 
7f0e76446000-7f0e76449000 ---p 00000000 00:00 0 
7f0e76449000-7f0e7654c000 rw-p 00000000 00:00 0 
7f0e76553000-7f0e7655b000 rw-s 00000000 08:05 63201                      /tmp/hsperfdata_franksvalli/28939
7f0e7655b000-7f0e7655c000 rw-p 00000000 00:00 0 
7f0e7655c000-7f0e7655d000 r--p 00000000 00:00 0 
7f0e7655d000-7f0e7655f000 rw-p 00000000 00:00 0 
7f0e7655f000-7f0e76560000 r--p 00022000 08:01 397280                     /lib/x86_64-linux-gnu/ld-2.19.so
7f0e76560000-7f0e76561000 rw-p 00023000 08:01 397280                     /lib/x86_64-linux-gnu/ld-2.19.so
7f0e76561000-7f0e76562000 rw-p 00000000 00:00 0 
7ffecf1d1000-7ffecf1f2000 rw-p 00000000 00:00 0                          [stack]
7ffecf1f4000-7ffecf1f7000 r--p 00000000 00:00 0                          [vvar]
7ffecf1f7000-7ffecf1f9000 r-xp 00000000 00:00 0                          [vdso]
ffffffffff600000-ffffffffff601000 r-xp 00000000 00:00 0                  [vsyscall]

VM Arguments:
java_command: yuicompressor-2.4.2.jar tmp/d41d8cd98f00b204e9800998ecf8427e.js
Launcher Type: SUN_STANDARD

Environment Variables:
PATH=/usr/local/bin:/usr/bin:/bin

Signal Handlers:
SIGSEGV: [libjvm.so+0x963630], sa_mask[0]=0x7ffbfeff, sa_flags=0x10000004
SIGBUS: [libjvm.so+0x963630], sa_mask[0]=0x7ffbfeff, sa_flags=0x10000004
SIGFPE: [libjvm.so+0x7d5da0], sa_mask[0]=0x7ffbfeff, sa_flags=0x10000004
SIGPIPE: [libjvm.so+0x7d5da0], sa_mask[0]=0x7ffbfeff, sa_flags=0x10000004
SIGXFSZ: [libjvm.so+0x7d5da0], sa_mask[0]=0x7ffbfeff, sa_flags=0x10000004
SIGILL: [libjvm.so+0x7d5da0], sa_mask[0]=0x7ffbfeff, sa_flags=0x10000004
SIGUSR1: SIG_DFL, sa_mask[0]=0x00000000, sa_flags=0x00000000
SIGUSR2: [libjvm.so+0x7d5ed0], sa_mask[0]=0x00000000, sa_flags=0x10000004
SIGHUP: SIG_DFL, sa_mask[0]=0x00000000, sa_flags=0x00000000
SIGINT: SIG_DFL, sa_mask[0]=0x00000000, sa_flags=0x00000000
SIGTERM: SIG_DFL, sa_mask[0]=0x00000000, sa_flags=0x00000000
SIGQUIT: SIG_DFL, sa_mask[0]=0x00000000, sa_flags=0x00000000
SIGTRAP: SIG_DFL, sa_mask[0]=0x00000000, sa_flags=0x00000000


---------------  S Y S T E M  ---------------

OS: